0 info it worked if it ends with ok
1 verbose cli [ 'D:\\NodeJS\\node.exe',
1 verbose cli   'D:\\NodeJS\\node_modules\\npm\\bin\\npm-cli.js',
1 verbose cli   'start' ]
2 info using npm@3.10.8
3 info using node@v6.9.1
4 verbose run-script [ 'prestart', 'start', 'poststart' ]
5 info lifecycle kerberos@0.0.0~prestart: kerberos@0.0.0
6 silly lifecycle kerberos@0.0.0~prestart: no script for prestart, continuing
7 info lifecycle kerberos@0.0.0~start: kerberos@0.0.0
8 verbose lifecycle kerberos@0.0.0~start: unsafe-perm in lifecycle true
9 verbose lifecycle kerberos@0.0.0~start: PATH: D:\NodeJS\node_modules\npm\bin\node-gyp-bin;D:\Github\Kerberos\node_modules\.bin;C:\Users\ChonLam\AppData\Local\GitHub\PortableGit_d7effa1a4a322478cd29c826b52a0c118ad3db11\cmd;C:\Users\ChonLam\AppData\Local\GitHub\PortableGit_d7effa1a4a322478cd29c826b52a0c118ad3db11\usr\bin;C:\Users\ChonLam\AppData\Local\GitHub\PortableGit_d7effa1a4a322478cd29c826b52a0c118ad3db11\usr\share\git-tfs;C:\Users\ChonLam\AppData\Local\Apps\2.0\PHG26XZM.VOW\KQEYY5JD.81E\gith..tion_317444273a93ac29_0003.0003_665ccbdbd3c2d8d4;C:\Users\ChonLam\AppData\Local\GitHub\lfs-amd64_1.3.1;C:\Program Files (x86)\Intel\iCLS Client\;C:\Program Files\Intel\iCLS Client\;C:\Windows\system32;C:\Windows;C:\Windows\System32\Wbem;C:\Windows\System32\WindowsPowerShell\v1.0\;C:\Program Files\Intel\Intel(R) Management Engine Components\DAL;C:\Program Files (x86)\Intel\Intel(R) Management Engine Components\DAL;C:\Program Files\Intel\Intel(R) Management Engine Components\IPT;C:\Program Files (x86)\Intel\Intel(R) Management Engine Components\IPT;C:\Program Files (x86)\NVIDIA Corporation\PhysX\Common;C:\WINDOWS\system32;C:\WINDOWS;C:\WINDOWS\System32\Wbem;C:\WINDOWS\System32\WindowsPowerShell\v1.0\;D:\MATLAB\runtime\win64;D:\MATLAB\bin;C:\Program Files (x86)\Skype\Phone\;C:\Program Files (x86)\GtkSharp\2.12\bin;C:\Program Files (x86)\Windows Kits\8.1\Windows Performance Toolkit\;C:\WINDOWS\system32\config\systemprofile\.dnx\bin;C:\Program Files\Microsoft DNX\Dnvm\;C:\Program Files\Microsoft SQL Server\130\Tools\Binn\;C:\mingw64\bin;D:\NodeJS\;D:\jdk1.8.0_111\bin;D:\jre1.8.0_111\bin;C:\Users\ChonLam\.dnx\bin;C:\Users\ChonLam\AppData\Local\Microsoft\WindowsApps;D:\Quartus\Quartus\modelsim_ase\win32aloem;D:\Altera\modelsim_ase\win32aloem;C:\Users\ChonLam\AppData\Roaming\npm;C:\Users\ChonLam\AppData\Local\atom\bin;C:\Program Files (x86)\MSBuild\14.0\bin\;C:\Program Files (x86)\Microsoft SDKs\Windows\v8.1A\bin\NETFX 4.5.1 Tools\x64
10 verbose lifecycle kerberos@0.0.0~start: CWD: D:\Github\Kerberos
11 silly lifecycle kerberos@0.0.0~start: Args: [ '/d /s /c', 'node ./bin/www' ]
12 silly lifecycle kerberos@0.0.0~start: Returned: code: 3221225786  signal: null
13 info lifecycle kerberos@0.0.0~start: Failed to exec start script
14 verbose stack Error: kerberos@0.0.0 start: `node ./bin/www`
14 verbose stack Exit status 3221225786
14 verbose stack     at EventEmitter.<anonymous> (D:\NodeJS\node_modules\npm\lib\utils\lifecycle.js:255:16)
14 verbose stack     at emitTwo (events.js:106:13)
14 verbose stack     at EventEmitter.emit (events.js:191:7)
14 verbose stack     at ChildProcess.<anonymous> (D:\NodeJS\node_modules\npm\lib\utils\spawn.js:40:14)
14 verbose stack     at emitTwo (events.js:106:13)
14 verbose stack     at ChildProcess.emit (events.js:191:7)
14 verbose stack     at maybeClose (internal/child_process.js:877:16)
14 verbose stack     at Process.ChildProcess._handle.onexit (internal/child_process.js:226:5)
15 verbose pkgid kerberos@0.0.0
16 verbose cwd D:\Github\Kerberos
17 error Windows_NT 10.0.14393
18 error argv "D:\\NodeJS\\node.exe" "D:\\NodeJS\\node_modules\\npm\\bin\\npm-cli.js" "start"
19 error node v6.9.1
20 error npm  v3.10.8
21 error code ELIFECYCLE
22 error kerberos@0.0.0 start: `node ./bin/www`
22 error Exit status 3221225786
23 error Failed at the kerberos@0.0.0 start script 'node ./bin/www'.
23 error Make sure you have the latest version of node.js and npm installed.
23 error If you do, this is most likely a problem with the kerberos package,
23 error not with npm itself.
23 error Tell the author that this fails on your system:
23 error     node ./bin/www
23 error You can get information on how to open an issue for this project with:
23 error     npm bugs kerberos
23 error Or if that isn't available, you can get their info via:
23 error     npm owner ls kerberos
23 error There is likely additional logging output above.
24 verbose exit [ 1, true ]
